{"/home/tim/Documents/projects/occupy/occupy-client/src/libs/occupy.js": {"path":"/home/tim/Documents/projects/occupy/occupy-client/src/libs/occupy.js","statementMap":{"0":{"start":{"line":4,"column":10},"end":{"line":4,"column":27}},"1":{"start":{"line":6,"column":4},"end":{"line":9,"column":null}},"2":{"start":{"line":13,"column":4},"end":{"line":17,"column":null}}},"fnMap":{"0":{"name":"startGame","decl":{"start":{"line":3,"column":9},"end":{"line":3,"column":21}},"loc":{"start":{"line":3,"column":21},"end":{"line":9,"column":null}},"line":3},"1":{"name":"takeTurn","decl":{"start":{"line":12,"column":9},"end":{"line":12,"column":20}},"loc":{"start":{"line":12,"column":20},"end":{"line":17,"column":null}},"line":12}},"branchMap":{},"s":{"0":1,"1":1,"2":2},"f":{"0":1,"1":2},"b":{},"meta":{"lastBranch":0,"lastFunction":2,"lastStatement":3,"seen":{"f:3:9:3:21":0,"s:4:10:4:27":0,"s:6:4:9:Infinity":1,"f:12:9:12:20":1,"s:13:4:17:Infinity":2}}}
}
