{"/home/tim/Documents/projects/occupy/occupy-client/src/components/Sector.tsx": {"path":"/home/tim/Documents/projects/occupy/occupy-client/src/components/Sector.tsx","statementMap":{"0":{"start":{"line":2,"column":4},"end":{"line":2,"column":null}}},"fnMap":{"0":{"name":"Sector","decl":{"start":{"line":1,"column":24},"end":{"line":1,"column":33}},"loc":{"start":{"line":1,"column":33},"end":{"line":2,"column":null}},"line":1}},"branchMap":{},"s":{"0":1},"f":{"0":1},"b":{},"meta":{"lastBranch":0,"lastFunction":1,"lastStatement":1,"seen":{"f:1:24:1:33":0,"s:2:4:2:Infinity":0}}}
,"/home/tim/Documents/projects/occupy/occupy-client/src/libs/occupy.js": {"path":"/home/tim/Documents/projects/occupy/occupy-client/src/libs/occupy.js","statementMap":{"0":{"start":{"line":3,"column":20},"end":{"line":3,"column":null}},"1":{"start":{"line":6,"column":10},"end":{"line":6,"column":27}},"2":{"start":{"line":8,"column":4},"end":{"line":11,"column":null}},"3":{"start":{"line":15,"column":4},"end":{"line":19,"column":null}},"4":{"start":{"line":23,"column":4},"end":{"line":28,"column":null}}},"fnMap":{"0":{"name":"startGame","decl":{"start":{"line":5,"column":9},"end":{"line":5,"column":21}},"loc":{"start":{"line":5,"column":21},"end":{"line":11,"column":null}},"line":5},"1":{"name":"takeTurn","decl":{"start":{"line":14,"column":9},"end":{"line":14,"column":20}},"loc":{"start":{"line":14,"column":20},"end":{"line":19,"column":null}},"line":14},"2":{"name":"createSector","decl":{"start":{"line":22,"column":9},"end":{"line":22,"column":22}},"loc":{"start":{"line":22,"column":28},"end":{"line":28,"column":null}},"line":22}},"branchMap":{},"s":{"0":1,"1":1,"2":1,"3":2,"4":1},"f":{"0":1,"1":2,"2":1},"b":{},"meta":{"lastBranch":0,"lastFunction":3,"lastStatement":5,"seen":{"s:3:20:3:Infinity":0,"f:5:9:5:21":0,"s:6:10:6:27":1,"s:8:4:11:Infinity":2,"f:14:9:14:20":1,"s:15:4:19:Infinity":3,"f:22:9:22:22":2,"s:23:4:28:Infinity":4}}}
}
